#
# A fatal error has been detected by the Java Runtime Environment:
#
#  Internal Error (javaClasses.cpp:136), pid=6182, tid=3059190592
#  fatal error: Invalid layout of preloaded class
#
# JRE version:  (7.0_55-b14) (build )
# Java VM: OpenJDK Server VM (24.51-b03 mixed mode linux-x86 )
# Failed to write core dump. Core dumps have been disabled. To enable core dumping, try "ulimit -c unlimited" before starting Java again
#
# If you would like to submit a bug report, please include
# instructions on how to reproduce the bug and visit:
#   http://icedtea.classpath.org/bugzilla
#

---------------  T H R E A D  ---------------

Current thread (0xb6407800):  JavaThread "Unknown thread" [_thread_in_vm, id=6188, stack(0xb6528000,0xb6579000)]

Stack: [0xb6528000,0xb6579000]
[error occurred during error reporting (printing stack bounds), id 0xb]


[error occurred during error reporting (printing native stack), id 0xb]


---------------  P R O C E S S  ---------------

Java Threads: ( => current thread )

Other Threads:

=>0xb6407800 (exited) JavaThread "Unknown thread" [_thread_in_vm, id=6188, stack(0xb6528000,0xb6579000)]

VM state:not at safepoint (not fully initialized)

VM Mutex/Monitor currently owned by a thread: None

GC Heap History (0 events):
No events

Deoptimization events (0 events):
No events

Internal exceptions (0 events):
No events

Events (10 events):
Event: 0.180 loading class 0x6a469670 done
Event: 0.180 loading class 0x6a469100 done
Event: 0.180 loading class 0x6a4690e0
Event: 0.181 loading class 0x6a470370
Event: 0.181 loading class 0x6a470370 done
Event: 0.181 loading class 0x6a4703a0
Event: 0.181 loading class 0x6a4703a0 done
Event: 0.181 loading class 0x6a4703d0
Event: 0.181 loading class 0x6a4703d0 done
Event: 0.181 loading class 0x6a4690e0 done


Dynamic libraries:
08048000-08049000 r-xp 00000000 08:05 1709597    /usr/lib/jvm/java-7-openjdk-i386/jre/bin/java
08049000-0804a000 r--p 00000000 08:05 1709597    /usr/lib/jvm/java-7-openjdk-i386/jre/bin/java
0804a000-0804b000 rw-p 00001000 08:05 1709597    /usr/lib/jvm/java-7-openjdk-i386/jre/bin/java
0929f000-092c0000 rw-p 00000000 00:00 0          [heap]
6a392000-6a469000 r--s 013fe000 08:05 3293720    /home/wangjunsheng/Downloads/adt-bundle-linux-x86-20131030/sdk/platforms/android-19/android.jar
6a469000-6cc00000 rw-p 00000000 00:00 0 
6cc00000-6cc21000 rw-p 00000000 00:00 0 
6cc21000-6cd00000 ---p 00000000 00:00 0 
6cd7f000-6cd80000 ---p 00000000 00:00 0 
6cd80000-6ce00000 rw-p 00000000 00:00 0          [stack:6192]
6ce00000-6ce21000 rw-p 00000000 00:00 0 
6ce21000-6cf00000 ---p 00000000 00:00 0 
6cf00000-6cf21000 rw-p 00000000 00:00 0 
6cf21000-6d000000 ---p 00000000 00:00 0 
6d058000-6d07f000 rw-p 00000000 00:00 0 
6d07f000-6d080000 ---p 00000000 00:00 0 
6d080000-6d100000 rw-p 00000000 00:00 0          [stack:6191]
6d100000-6d121000 rw-p 00000000 00:00 0 
6d121000-6d200000 ---p 00000000 00:00 0 
6d205000-6d206000 ---p 00000000 00:00 0 
6d206000-6d286000 rw-p 00000000 00:00 0          [stack:6190]
6d286000-6d287000 ---p 00000000 00:00 0 
6d287000-6d30f000 rw-p 00000000 00:00 0          [stack:6189]
6d30f000-6d347000 rw-p 00000000 00:00 0 
6d347000-6d35c000 rw-p 00000000 00:00 0 
6d35c000-6d491000 rw-p 00000000 00:00 0 
6d491000-6d499000 rw-p 00000000 00:00 0 
6d499000-6d4d1000 rw-p 00000000 00:00 0 
6d4d1000-6d4e6000 rw-p 00000000 00:00 0 
6d4e6000-6d61a000 rw-p 00000000 00:00 0 
6d61a000-6d625000 rw-p 00000000 00:00 0 
6d625000-6d6bf000 rw-p 00000000 00:00 0 
6d6bf000-6e6c0000 rw-p 00000000 00:00 0 
6e6c0000-756c0000 rw-p 00000000 00:00 0 
756c0000-77fc0000 rw-p 00000000 00:00 0 
77fc0000-9e940000 rw-p 00000000 00:00 0 
9e940000-9fe00000 rw-p 00000000 00:00 0 
9fe00000-b32c0000 rw-p 00000000 00:00 0 
b32c0000-b32e4000 rw-p 00000000 00:00 0 
b32e4000-b339b000 rw-p 00000000 00:00 0 
b339b000-b35db000 rwxp 00000000 00:00 0 
b35db000-b639b000 rw-p 00000000 00:00 0 
b639b000-b63a6000 r-xp 00000000 08:05 524467     /lib/i386-linux-gnu/libnss_files-2.15.so
b63a6000-b63a7000 r--p 0000a000 08:05 524467     /lib/i386-linux-gnu/libnss_files-2.15.so
b63a7000-b63a8000 rw-p 0000b000 08:05 524467     /lib/i386-linux-gnu/libnss_files-2.15.so
b63a8000-b63b2000 r-xp 00000000 08:05 524404     /lib/i386-linux-gnu/libnss_nis-2.15.so
b63b2000-b63b3000 r--p 00009000 08:05 524404     /lib/i386-linux-gnu/libnss_nis-2.15.so
b63b3000-b63b4000 rw-p 0000a000 08:05 524404     /lib/i386-linux-gnu/libnss_nis-2.15.so
b63b4000-b63ca000 r-xp 00000000 08:05 524401     /lib/i386-linux-gnu/libnsl-2.15.so
b63ca000-b63cb000 r--p 00015000 08:05 524401     /lib/i386-linux-gnu/libnsl-2.15.so
b63cb000-b63cc000 rw-p 00016000 08:05 524401     /lib/i386-linux-gnu/libnsl-2.15.so
b63cc000-b63ce000 rw-p 00000000 00:00 0 
b63ce000-b63d5000 r-xp 00000000 08:05 524466     /lib/i386-linux-gnu/libnss_compat-2.15.so
b63d5000-b63d6000 r--p 00006000 08:05 524466     /lib/i386-linux-gnu/libnss_compat-2.15.so
b63d6000-b63d7000 rw-p 00007000 08:05 524466     /lib/i386-linux-gnu/libnss_compat-2.15.so
b63d7000-b63fe000 r-xp 00000000 08:05 1711176    /usr/lib/jvm/java-7-openjdk-i386/jre/lib/i386/libjava.so
b63fe000-b63ff000 r--p 00026000 08:05 1711176    /usr/lib/jvm/java-7-openjdk-i386/jre/lib/i386/libjava.so
b63ff000-b6400000 rw-p 00027000 08:05 1711176    /usr/lib/jvm/java-7-openjdk-i386/jre/lib/i386/libjava.so
b6400000-b6457000 rw-p 00000000 00:00 0 
b6457000-b6500000 ---p 00000000 00:00 0 
b650d000-b6515000 r-xp 00000000 08:05 1711186    /usr/lib/jvm/java-7-openjdk-i386/jre/lib/i386/libzip.so
b6515000-b6516000 r--p 00007000 08:05 1711186    /usr/lib/jvm/java-7-openjdk-i386/jre/lib/i386/libzip.so
b6516000-b6517000 rw-p 00008000 08:05 1711186    /usr/lib/jvm/java-7-openjdk-i386/jre/lib/i386/libzip.so
b6517000-b651f000 rw-s 00000000 08:05 655471     /tmp/hsperfdata_SHENG/6182
b651f000-b6526000 r-xp 00000000 08:05 524459     /lib/i386-linux-gnu/librt-2.15.so
b6526000-b6527000 r--p 00006000 08:05 524459     /lib/i386-linux-gnu/librt-2.15.so
b6527000-b6528000 rw-p 00007000 08:05 524459     /lib/i386-linux-gnu/librt-2.15.so
b6528000-b652b000 ---p 00000000 00:00 0 
b652b000-b6579000 rw-p 00000000 00:00 0          [stack:6188]
b6579000-b6595000 r-xp 00000000 08:05 525007     /lib/i386-linux-gnu/libgcc_s.so.1
b6595000-b6596000 r--p 0001b000 08:05 525007     /lib/i386-linux-gnu/libgcc_s.so.1
b6596000-b6597000 rw-p 0001c000 08:05 525007     /lib/i386-linux-gnu/libgcc_s.so.1
b6597000-b65c1000 r-xp 00000000 08:05 524474     /lib/i386-linux-gnu/libm-2.15.so
b65c1000-b65c2000 r--p 00029000 08:05 524474     /lib/i386-linux-gnu/libm-2.15.so
b65c2000-b65c3000 rw-p 0002a000 08:05 524474     /lib/i386-linux-gnu/libm-2.15.so
b65c3000-b669f000 r-xp 00000000 08:05 791847     /usr/lib/i386-linux-gnu/libstdc++.so.6.0.17
b669f000-b66a0000 ---p 000dc000 08:05 791847     /usr/lib/i386-linux-gnu/libstdc++.so.6.0.17
b66a0000-b66a4000 r--p 000dc000 08:05 791847     /usr/lib/i386-linux-gnu/libstdc++.so.6.0.17
b66a4000-b66a5000 rw-p 000e0000 08:05 791847     /usr/lib/i386-linux-gnu/libstdc++.so.6.0.17
b66a5000-b66ac000 rw-p 00000000 00:00 0 
b66ac000-b7050000 r-xp 00000000 08:05 1839804    /usr/lib/jvm/java-7-openjdk-i386/jre/lib/i386/server/libjvm.so
b7050000-b70a5000 r--p 009a3000 08:05 1839804    /usr/lib/jvm/java-7-openjdk-i386/jre/lib/i386/server/libjvm.so
b70a5000-b70b9000 rw-p 009f8000 08:05 1839804    /usr/lib/jvm/java-7-openjdk-i386/jre/lib/i386/server/libjvm.so
b70b9000-b74d7000 rw-p 00000000 00:00 0 
b74d7000-b74ee000 r-xp 00000000 08:05 525116     /lib/i386-linux-gnu/libz.so.1.2.7
b74ee000-b74ef000 r--p 00016000 08:05 525116     /lib/i386-linux-gnu/libz.so.1.2.7
b74ef000-b74f0000 rw-p 00017000 08:05 525116     /lib/i386-linux-gnu/libz.so.1.2.7
b74f0000-b7507000 r-xp 00000000 08:05 524462     /lib/i386-linux-gnu/libpthread-2.15.so
b7507000-b7508000 r--p 00016000 08:05 524462     /lib/i386-linux-gnu/libpthread-2.15.so
b7508000-b7509000 rw-p 00017000 08:05 524462     /lib/i386-linux-gnu/libpthread-2.15.so
b7509000-b750b000 rw-p 00000000 00:00 0 
b750b000-b750e000 r-xp 00000000 08:05 524461     /lib/i386-linux-gnu/libdl-2.15.so
b750e000-b750f000 r--p 00002000 08:05 524461     /lib/i386-linux-gnu/libdl-2.15.so
b750f000-b7510000 rw-p 00003000 08:05 524461     /lib/i386-linux-gnu/libdl-2.15.so
b7510000-b76b4000 r-xp 00000000 08:05 524402     /lib/i386-linux-gnu/libc-2.15.so
b76b4000-b76b5000 ---p 001a4000 08:05 524402     /lib/i386-linux-gnu/libc-2.15.so
b76b5000-b76b7000 r--p 001a4000 08:05 524402     /lib/i386-linux-gnu/libc-2.15.so
b76b7000-b76b8000 rw-p 001a6000 08:05 524402     /lib/i386-linux-gnu/libc-2.15.so
b76b8000-b76bb000 rw-p 00000000 00:00 0 
b76c0000-b76c1000 rw-p 00000000 00:00 0 
b76c1000-b76c2000 r--p 00000000 00:00 0 
b76c2000-b76cf000 r-xp 00000000 08:05 1711212    /usr/lib/jvm/java-7-openjdk-i386/jre/lib/i386/libverify.so
b76cf000-b76d0000 ---p 0000d000 08:05 1711212    /usr/lib/jvm/java-7-openjdk-i386/jre/lib/i386/libverify.so
b76d0000-b76d1000 r--p 0000d000 08:05 1711212    /usr/lib/jvm/java-7-openjdk-i386/jre/lib/i386/libverify.so
b76d1000-b76d2000 rw-p 0000e000 08:05 1711212    /usr/lib/jvm/java-7-openjdk-i386/jre/lib/i386/libverify.so
b76d2000-b76df000 r-xp 00000000 08:05 1711192    /usr/lib/jvm/java-7-openjdk-i386/jre/lib/i386/jli/libjli.so
b76df000-b76e0000 r--p 0000c000 08:05 1711192    /usr/lib/jvm/java-7-openjdk-i386/jre/lib/i386/jli/libjli.so
b76e0000-b76e1000 rw-p 0000d000 08:05 1711192    /usr/lib/jvm/java-7-openjdk-i386/jre/lib/i386/jli/libjli.so
b76e1000-b76e4000 rw-p 00000000 00:00 0 
b76e4000-b76e5000 r-xp 00000000 00:00 0          [vdso]
b76e5000-b7705000 r-xp 00000000 08:05 524468     /lib/i386-linux-gnu/ld-2.15.so
b7705000-b7706000 r--p 0001f000 08:05 524468     /lib/i386-linux-gnu/ld-2.15.so
b7706000-b7707000 rw-p 00020000 08:05 524468     /lib/i386-linux-gnu/ld-2.15.so
bfb22000-bfb43000 rw-p 00000000 00:00 0          [stack]

VM Arguments:
jvm_args: -Dfile.encoding=GBK -Xbootclasspath:/home/wangjunsheng/Downloads/adt-bundle-linux-x86-20131030/sdk/platforms/android-19/android.jar 
java_command: gameview.Logic
Launcher Type: SUN_STANDARD

Environment Variables:
PATH=/usr/lib/lightdm/lightdm:/usr/local/sbin:/usr/local/bin:/usr/sbin:/usr/bin:/sbin:/bin:/usr/games:/usr/local/games
LD_LIBRARY_PATH=/usr/lib/jvm/java-7-openjdk-i386/jre/lib/i386/server:/usr/lib/jvm/java-7-openjdk-i386/jre/lib/i386:/usr/lib/jvm/java-7-openjdk-i386/jre/../lib/i386:/usr/lib/jvm/java-7-openjdk-i386/jre/lib/i386/client:/usr/lib/jvm/java-7-openjdk-i386/jre/lib/i386:
SHELL=/bin/bash
DISPLAY=:0.0

Signal Handlers:
SIGSEGV: [libjvm.so+0x7e43b0], sa_mask[0]=0x7ffbfeff, sa_flags=0x10000004
SIGBUS: [libjvm.so+0x7e43b0], sa_mask[0]=0x7ffbfeff, sa_flags=0x10000004
SIGFPE: [libjvm.so+0x661c60], sa_mask[0]=0x7ffbfeff, sa_flags=0x10000004
SIGPIPE: [libjvm.so+0x661c60], sa_mask[0]=0x7ffbfeff, sa_flags=0x10000004
SIGXFSZ: [libjvm.so+0x661c60], sa_mask[0]=0x7ffbfeff, sa_flags=0x10000004
SIGILL: [libjvm.so+0x661c60], sa_mask[0]=0x7ffbfeff, sa_flags=0x10000004
SIGUSR1: SIG_DFL, sa_mask[0]=0x00000000, sa_flags=0x00000000
SIGUSR2: [libjvm.so+0x661da0], sa_mask[0]=0x00000004, sa_flags=0x10000004
SIGHUP: SIG_DFL, sa_mask[0]=0x00000000, sa_flags=0x00000000
SIGINT: SIG_DFL, sa_mask[0]=0x00000000, sa_flags=0x00000000
SIGTERM: SIG_DFL, sa_mask[0]=0x00000000, sa_flags=0x00000000
SIGQUIT: SIG_DFL, sa_mask[0]=0x00000000, sa_flags=0x00000000


---------------  S Y S T E M  ---------------

OS:Ubuntu 12.10 (quantal)
uname:Linux 3.5.0-34-generic #55-Ubuntu SMP Thu Jun 6 20:20:19 UTC 2013 i686
libc:glibc 2.15 NPTL 2.15 
rlimit: STACK 8192k, CORE 0k, NPROC 31444, NOFILE 4096, AS infinity
load average:0.56 0.63 0.56

/proc/meminfo:
MemTotal:        4040416 kB
MemFree:          961160 kB
Buffers:          228300 kB
Cached:          1429456 kB
SwapCached:            0 kB
Active:          1673600 kB
Inactive:        1207244 kB
Active(anon):    1262088 kB
Inactive(anon):   294476 kB
Active(file):     411512 kB
Inactive(file):   912768 kB
Unevictable:       31424 kB
Mlocked:           31428 kB
HighTotal:       3190404 kB
HighFree:         478524 kB
LowTotal:         850012 kB
LowFree:          482636 kB
SwapTotal:       4101116 kB
SwapFree:        4101116 kB
Dirty:               548 kB
Writeback:             0 kB
AnonPages:       1254648 kB
Mapped:           249728 kB
Shmem:            327584 kB
Slab:             109164 kB
SReclaimable:      87756 kB
SUnreclaim:        21408 kB
KernelStack:        4984 kB
PageTables:        17088 kB
NFS_Unstable:          0 kB
Bounce:                0 kB
WritebackTmp:          0 kB
CommitLimit:     6121324 kB
Committed_AS:    5502500 kB
VmallocTotal:     122880 kB
VmallocUsed:       25596 kB
VmallocChunk:      95144 kB
HardwareCorrupted:     0 kB
AnonHugePages:         0 kB
HugePages_Total:       0
HugePages_Free:        0
HugePages_Rsvd:        0
HugePages_Surp:        0
Hugepagesize:       2048 kB
DirectMap4k:       10232 kB
DirectMap2M:      903168 kB


CPU:total 4 (2 cores per cpu, 2 threads per core) family 6 model 42 stepping 7, cmov, cx8, fxsr, mmx, sse, sse2, sse3, ssse3, sse4.1, sse4.2, popcnt, avx, ht, tsc, tscinvbit

/proc/cpuinfo:
processor	: 0
vendor_id	: GenuineIntel
cpu family	: 6
model		: 42
model name	: Intel(R) Core(TM) i3-2330M CPU @ 2.20GHz
stepping	: 7
microcode	: 0x18
cpu MHz		: 2200.000
cache size	: 3072 KB
physical id	: 0
siblings	: 4
core id		: 0
cpu cores	: 2
apicid		: 0
initial apicid	: 0
fdiv_bug	: no
hlt_bug		: no
f00f_bug	: no
coma_bug	: no
fpu		: yes
fpu_exception	: yes
cpuid level	: 13
wp		: yes
flags		: fpu vme de pse tsc msr pae mce cx8 apic sep mtrr pge mca cmov pat pse36 clflush dts acpi mmx fxsr sse sse2 ss ht tm pbe nx rdtscp lm constant_tsc arch_perfmon pebs bts xtopology nonstop_tsc aperfmperf pni pclmulqdq dtes64 monitor ds_cpl vmx est tm2 ssse3 cx16 xtpr pdcm pcid sse4_1 sse4_2 x2apic popcnt tsc_deadline_timer xsave avx lahf_lm arat epb xsaveopt pln pts dtherm tpr_shadow vnmi flexpriority ept vpid
bogomips	: 4390.21
clflush size	: 64
cache_alignment	: 64
address sizes	: 36 bits physical, 48 bits virtual
power management:

processor	: 1
vendor_id	: GenuineIntel
cpu family	: 6
model		: 42
model name	: Intel(R) Core(TM) i3-2330M CPU @ 2.20GHz
stepping	: 7
microcode	: 0x18
cpu MHz		: 800.000
cache size	: 3072 KB
physical id	: 0
siblings	: 4
core id		: 0
cpu cores	: 2
apicid		: 1
initial apicid	: 1
fdiv_bug	: no
hlt_bug		: no
f00f_bug	: no
coma_bug	: no
fpu		: yes
fpu_exception	: yes
cpuid level	: 13
wp		: yes
flags		: fpu vme de pse tsc msr pae mce cx8 apic sep mtrr pge mca cmov pat pse36 clflush dts acpi mmx fxsr sse sse2 ss ht tm pbe nx rdtscp lm constant_tsc arch_perfmon pebs bts xtopology nonstop_tsc aperfmperf pni pclmulqdq dtes64 monitor ds_cpl vmx est tm2 ssse3 cx16 xtpr pdcm pcid sse4_1 sse4_2 x2apic popcnt tsc_deadline_timer xsave avx lahf_lm arat epb xsaveopt pln pts dtherm tpr_shadow vnmi flexpriority ept vpid
bogomips	: 4390.21
clflush size	: 64
cache_alignment	: 64
address sizes	: 36 bits physical, 48 bits virtual
power management:

processor	: 2
vendor_id	: GenuineIntel
cpu family	: 6
model		: 42
model name	: Intel(R) Core(TM) i3-2330M CPU @ 2.20GHz
stepping	: 7
microcode	: 0x18
cpu MHz		: 800.000
cache size	: 3072 KB
physical id	: 0
siblings	: 4
core id		: 1
cpu cores	: 2
apicid		: 2
initial apicid	: 2
fdiv_bug	: no
hlt_bug		: no
f00f_bug	: no
coma_bug	: no
fpu		: yes
fpu_exception	: yes
cpuid level	: 13
wp		: yes
flags		: fpu vme de pse tsc msr pae mce cx8 apic sep mtrr pge mca cmov pat pse36 clflush dts acpi mmx fxsr sse sse2 ss ht tm pbe nx rdtscp lm constant_tsc arch_perfmon pebs bts xtopology nonstop_tsc aperfmperf pni pclmulqdq dtes64 monitor ds_cpl vmx est tm2 ssse3 cx16 xtpr pdcm pcid sse4_1 sse4_2 x2apic popcnt tsc_deadline_timer xsave avx lahf_lm arat epb xsaveopt pln pts dtherm tpr_shadow vnmi flexpriority ept vpid
bogomips	: 4390.21
clflush size	: 64
cache_alignment	: 64
address sizes	: 36 bits physical, 48 bits virtual
power management:

processor	: 3
vendor_id	: GenuineIntel
cpu family	: 6
model		: 42
model name	: Intel(R) Core(TM) i3-2330M CPU @ 2.20GHz
stepping	: 7
microcode	: 0x18
cpu MHz		: 800.000
cache size	: 3072 KB
physical id	: 0
siblings	: 4
core id		: 1
cpu cores	: 2
apicid		: 3
initial apicid	: 3
fdiv_bug	: no
hlt_bug		: no
f00f_bug	: no
coma_bug	: no
fpu		: yes
fpu_exception	: yes
cpuid level	: 13
wp		: yes
flags		: fpu vme de pse tsc msr pae mce cx8 apic sep mtrr pge mca cmov pat pse36 clflush dts acpi mmx fxsr sse sse2 ss ht tm pbe nx rdtscp lm constant_tsc arch_perfmon pebs bts xtopology nonstop_tsc aperfmperf pni pclmulqdq dtes64 monitor ds_cpl vmx est tm2 ssse3 cx16 xtpr pdcm pcid sse4_1 sse4_2 x2apic popcnt tsc_deadline_timer xsave avx lahf_lm arat epb xsaveopt pln pts dtherm tpr_shadow vnmi flexpriority ept vpid
bogomips	: 4390.21
clflush size	: 64
cache_alignment	: 64
address sizes	: 36 bits physical, 48 bits virtual
power management:



Memory: 4k page, physical 4040416k(961160k free), swap 4101116k(4101116k free)

vm_info: OpenJDK Server VM (24.51-b03) for linux-x86 JRE (1.7.0_55-b14), built on Apr 18 2014 20:46:10 by "buildd" with gcc 4.7.2

time: Mon Jun 16 19:28:32 2014
elapsed time: 0 seconds

