#
# A fatal error has been detected by the Java Runtime Environment:
#
#  Internal Error (javaClasses.cpp:136), pid=6900, tid=3059387200
#  fatal error: Invalid layout of preloaded class
#
# JRE version:  (7.0_55-b14) (build )
# Java VM: OpenJDK Server VM (24.51-b03 mixed mode linux-x86 )
# Failed to write core dump. Core dumps have been disabled. To enable core dumping, try "ulimit -c unlimited" before starting Java again
#
# If you would like to submit a bug report, please include
# instructions on how to reproduce the bug and visit:
#   http://icedtea.classpath.org/bugzilla
#

---------------  T H R E A D  ---------------

Current thread (0xb6407800):  JavaThread "Unknown thread" [_thread_in_vm, id=6905, stack(0xb6558000,0xb65a9000)]

Stack: [0xb6558000,0xb65a9000]
[error occurred during error reporting (printing stack bounds), id 0xb]


[error occurred during error reporting (printing native stack), id 0xb]


---------------  P R O C E S S  ---------------

Java Threads: ( => current thread )

Other Threads:

=>0xb6407800 (exited) JavaThread "Unknown thread" [_thread_in_vm, id=6905, stack(0xb6558000,0xb65a9000)]

VM state:not at safepoint (not fully initialized)

VM Mutex/Monitor currently owned by a thread: None

GC Heap History (0 events):
No events

Deoptimization events (0 events):
No events

Internal exceptions (0 events):
No events

Events (10 events):
Event: 0.008 loading class 0x6a469670 done
Event: 0.009 loading class 0x6a469100 done
Event: 0.009 loading class 0x6a4690e0
Event: 0.009 loading class 0x6a470370
Event: 0.009 loading class 0x6a470370 done
Event: 0.009 loading class 0x6a4703a0
Event: 0.009 loading class 0x6a4703a0 done
Event: 0.009 loading class 0x6a4703d0
Event: 0.009 loading class 0x6a4703d0 done
Event: 0.009 loading class 0x6a4690e0 done


Dynamic libraries:
08048000-08049000 r-xp 00000000 08:05 1709597    /usr/lib/jvm/java-7-openjdk-i386/jre/bin/java
08049000-0804a000 r--p 00000000 08:05 1709597    /usr/lib/jvm/java-7-openjdk-i386/jre/bin/java
0804a000-0804b000 rw-p 00001000 08:05 1709597    /usr/lib/jvm/java-7-openjdk-i386/jre/bin/java
097d7000-097f8000 rw-p 00000000 00:00 0          [heap]
6a392000-6a469000 r--s 013fe000 08:05 3293720    /home/wangjunsheng/Downloads/adt-bundle-linux-x86-20131030/sdk/platforms/android-19/android.jar
6a469000-6cc00000 rw-p 00000000 00:00 0 
6cc00000-6cc21000 rw-p 00000000 00:00 0 
6cc21000-6cd00000 ---p 00000000 00:00 0 
6cd7f000-6cd80000 ---p 00000000 00:00 0 
6cd80000-6ce00000 rw-p 00000000 00:00 0          [stack:6910]
6ce00000-6ce21000 rw-p 00000000 00:00 0 
6ce21000-6cf00000 ---p 00000000 00:00 0 
6cf00000-6cf21000 rw-p 00000000 00:00 0 
6cf21000-6d000000 ---p 00000000 00:00 0 
6d07f000-6d080000 ---p 00000000 00:00 0 
6d080000-6d100000 rw-p 00000000 00:00 0          [stack:6909]
6d100000-6d121000 rw-p 00000000 00:00 0 
6d121000-6d200000 ---p 00000000 00:00 0 
6d203000-6d245000 rw-p 00000000 00:00 0 
6d245000-6d246000 ---p 00000000 00:00 0 
6d246000-6d2c6000 rw-p 00000000 00:00 0          [stack:6908]
6d2c6000-6d2c7000 ---p 00000000 00:00 0 
6d2c7000-6d34f000 rw-p 00000000 00:00 0          [stack:6907]
6d34f000-6d387000 rw-p 00000000 00:00 0 
6d387000-6d39c000 rw-p 00000000 00:00 0 
6d39c000-6d4d1000 rw-p 00000000 00:00 0 
6d4d1000-6d4d9000 rw-p 00000000 00:00 0 
6d4d9000-6d511000 rw-p 00000000 00:00 0 
6d511000-6d526000 rw-p 00000000 00:00 0 
6d526000-6d65a000 rw-p 00000000 00:00 0 
6d65a000-6d665000 rw-p 00000000 00:00 0 
6d665000-6d6ff000 rw-p 00000000 00:00 0 
6d6ff000-6e700000 rw-p 00000000 00:00 0 
6e700000-75700000 rw-p 00000000 00:00 0 
75700000-78000000 rw-p 00000000 00:00 0 
78000000-9e980000 rw-p 00000000 00:00 0 
9e980000-9fe40000 rw-p 00000000 00:00 0 
9fe40000-b3300000 rw-p 00000000 00:00 0 
b3306000-b330f000 rw-p 00000000 00:00 0 
b330f000-b33c6000 rw-p 00000000 00:00 0 
b33c6000-b3606000 rwxp 00000000 00:00 0 
b3606000-b63c6000 rw-p 00000000 00:00 0 
b63c6000-b63dc000 r-xp 00000000 08:05 524401     /lib/i386-linux-gnu/libnsl-2.15.so
b63dc000-b63dd000 r--p 00015000 08:05 524401     /lib/i386-linux-gnu/libnsl-2.15.so
b63dd000-b63de000 rw-p 00016000 08:05 524401     /lib/i386-linux-gnu/libnsl-2.15.so
b63de000-b63e0000 rw-p 00000000 00:00 0 
b63e0000-b63e7000 r-xp 00000000 08:05 524466     /lib/i386-linux-gnu/libnss_compat-2.15.so
b63e7000-b63e8000 r--p 00006000 08:05 524466     /lib/i386-linux-gnu/libnss_compat-2.15.so
b63e8000-b63e9000 rw-p 00007000 08:05 524466     /lib/i386-linux-gnu/libnss_compat-2.15.so
b63f6000-b63fe000 r-xp 00000000 08:05 1711186    /usr/lib/jvm/java-7-openjdk-i386/jre/lib/i386/libzip.so
b63fe000-b63ff000 r--p 00007000 08:05 1711186    /usr/lib/jvm/java-7-openjdk-i386/jre/lib/i386/libzip.so
b63ff000-b6400000 rw-p 00008000 08:05 1711186    /usr/lib/jvm/java-7-openjdk-i386/jre/lib/i386/libzip.so
b6400000-b6457000 rw-p 00000000 00:00 0 
b6457000-b6500000 ---p 00000000 00:00 0 
b6505000-b650d000 rw-s 00000000 08:05 655471     /tmp/hsperfdata_SHENG/6900
b650d000-b6518000 r-xp 00000000 08:05 524467     /lib/i386-linux-gnu/libnss_files-2.15.so
b6518000-b6519000 r--p 0000a000 08:05 524467     /lib/i386-linux-gnu/libnss_files-2.15.so
b6519000-b651a000 rw-p 0000b000 08:05 524467     /lib/i386-linux-gnu/libnss_files-2.15.so
b651a000-b6524000 r-xp 00000000 08:05 524404     /lib/i386-linux-gnu/libnss_nis-2.15.so
b6524000-b6525000 r--p 00009000 08:05 524404     /lib/i386-linux-gnu/libnss_nis-2.15.so
b6525000-b6526000 rw-p 0000a000 08:05 524404     /lib/i386-linux-gnu/libnss_nis-2.15.so
b6526000-b654d000 r-xp 00000000 08:05 1711176    /usr/lib/jvm/java-7-openjdk-i386/jre/lib/i386/libjava.so
b654d000-b654e000 r--p 00026000 08:05 1711176    /usr/lib/jvm/java-7-openjdk-i386/jre/lib/i386/libjava.so
b654e000-b654f000 rw-p 00027000 08:05 1711176    /usr/lib/jvm/java-7-openjdk-i386/jre/lib/i386/libjava.so
b654f000-b6556000 r-xp 00000000 08:05 524459     /lib/i386-linux-gnu/librt-2.15.so
b6556000-b6557000 r--p 00006000 08:05 524459     /lib/i386-linux-gnu/librt-2.15.so
b6557000-b6558000 rw-p 00007000 08:05 524459     /lib/i386-linux-gnu/librt-2.15.so
b6558000-b655b000 ---p 00000000 00:00 0 
b655b000-b65a9000 rw-p 00000000 00:00 0          [stack:6905]
b65a9000-b65c5000 r-xp 00000000 08:05 525007     /lib/i386-linux-gnu/libgcc_s.so.1
b65c5000-b65c6000 r--p 0001b000 08:05 525007     /lib/i386-linux-gnu/libgcc_s.so.1
b65c6000-b65c7000 rw-p 0001c000 08:05 525007     /lib/i386-linux-gnu/libgcc_s.so.1
b65c7000-b65f1000 r-xp 00000000 08:05 524474     /lib/i386-linux-gnu/libm-2.15.so
b65f1000-b65f2000 r--p 00029000 08:05 524474     /lib/i386-linux-gnu/libm-2.15.so
b65f2000-b65f3000 rw-p 0002a000 08:05 524474     /lib/i386-linux-gnu/libm-2.15.so
b65f3000-b66cf000 r-xp 00000000 08:05 791847     /usr/lib/i386-linux-gnu/libstdc++.so.6.0.17
b66cf000-b66d0000 ---p 000dc000 08:05 791847     /usr/lib/i386-linux-gnu/libstdc++.so.6.0.17
b66d0000-b66d4000 r--p 000dc000 08:05 791847     /usr/lib/i386-linux-gnu/libstdc++.so.6.0.17
b66d4000-b66d5000 rw-p 000e0000 08:05 791847     /usr/lib/i386-linux-gnu/libstdc++.so.6.0.17
b66d5000-b66dc000 rw-p 00000000 00:00 0 
b66dc000-b7080000 r-xp 00000000 08:05 1839804    /usr/lib/jvm/java-7-openjdk-i386/jre/lib/i386/server/libjvm.so
b7080000-b70d5000 r--p 009a3000 08:05 1839804    /usr/lib/jvm/java-7-openjdk-i386/jre/lib/i386/server/libjvm.so
b70d5000-b70e9000 rw-p 009f8000 08:05 1839804    /usr/lib/jvm/java-7-openjdk-i386/jre/lib/i386/server/libjvm.so
b70e9000-b7507000 rw-p 00000000 00:00 0 
b7507000-b751e000 r-xp 00000000 08:05 525116     /lib/i386-linux-gnu/libz.so.1.2.7
b751e000-b751f000 r--p 00016000 08:05 525116     /lib/i386-linux-gnu/libz.so.1.2.7
b751f000-b7520000 rw-p 00017000 08:05 525116     /lib/i386-linux-gnu/libz.so.1.2.7
b7520000-b7537000 r-xp 00000000 08:05 524462     /lib/i386-linux-gnu/libpthread-2.15.so
b7537000-b7538000 r--p 00016000 08:05 524462     /lib/i386-linux-gnu/libpthread-2.15.so
b7538000-b7539000 rw-p 00017000 08:05 524462     /lib/i386-linux-gnu/libpthread-2.15.so
b7539000-b753b000 rw-p 00000000 00:00 0 
b753b000-b753e000 r-xp 00000000 08:05 524461     /lib/i386-linux-gnu/libdl-2.15.so
b753e000-b753f000 r--p 00002000 08:05 524461     /lib/i386-linux-gnu/libdl-2.15.so
b753f000-b7540000 rw-p 00003000 08:05 524461     /lib/i386-linux-gnu/libdl-2.15.so
b7540000-b76e4000 r-xp 00000000 08:05 524402     /lib/i386-linux-gnu/libc-2.15.so
b76e4000-b76e5000 ---p 001a4000 08:05 524402     /lib/i386-linux-gnu/libc-2.15.so
b76e5000-b76e7000 r--p 001a4000 08:05 524402     /lib/i386-linux-gnu/libc-2.15.so
b76e7000-b76e8000 rw-p 001a6000 08:05 524402     /lib/i386-linux-gnu/libc-2.15.so
b76e8000-b76eb000 rw-p 00000000 00:00 0 
b76f0000-b76f1000 rw-p 00000000 00:00 0 
b76f1000-b76f2000 r--p 00000000 00:00 0 
b76f2000-b76ff000 r-xp 00000000 08:05 1711212    /usr/lib/jvm/java-7-openjdk-i386/jre/lib/i386/libverify.so
b76ff000-b7700000 ---p 0000d000 08:05 1711212    /usr/lib/jvm/java-7-openjdk-i386/jre/lib/i386/libverify.so
b7700000-b7701000 r--p 0000d000 08:05 1711212    /usr/lib/jvm/java-7-openjdk-i386/jre/lib/i386/libverify.so
b7701000-b7702000 rw-p 0000e000 08:05 1711212    /usr/lib/jvm/java-7-openjdk-i386/jre/lib/i386/libverify.so
b7702000-b770f000 r-xp 00000000 08:05 1711192    /usr/lib/jvm/java-7-openjdk-i386/jre/lib/i386/jli/libjli.so
b770f000-b7710000 r--p 0000c000 08:05 1711192    /usr/lib/jvm/java-7-openjdk-i386/jre/lib/i386/jli/libjli.so
b7710000-b7711000 rw-p 0000d000 08:05 1711192    /usr/lib/jvm/java-7-openjdk-i386/jre/lib/i386/jli/libjli.so
b7711000-b7714000 rw-p 00000000 00:00 0 
b7714000-b7715000 r-xp 00000000 00:00 0          [vdso]
b7715000-b7735000 r-xp 00000000 08:05 524468     /lib/i386-linux-gnu/ld-2.15.so
b7735000-b7736000 r--p 0001f000 08:05 524468     /lib/i386-linux-gnu/ld-2.15.so
b7736000-b7737000 rw-p 00020000 08:05 524468     /lib/i386-linux-gnu/ld-2.15.so
bfe3b000-bfe5c000 rw-p 00000000 00:00 0          [stack]

VM Arguments:
jvm_args: -Dfile.encoding=GBK -Xbootclasspath:/home/wangjunsheng/Downloads/adt-bundle-linux-x86-20131030/sdk/platforms/android-19/android.jar 
java_command: gameview.Logic
Launcher Type: SUN_STANDARD

Environment Variables:
PATH=/usr/lib/lightdm/lightdm:/usr/local/sbin:/usr/local/bin:/usr/sbin:/usr/bin:/sbin:/bin:/usr/games:/usr/local/games
LD_LIBRARY_PATH=/usr/lib/jvm/java-7-openjdk-i386/jre/lib/i386/server:/usr/lib/jvm/java-7-openjdk-i386/jre/lib/i386:/usr/lib/jvm/java-7-openjdk-i386/jre/../lib/i386:/usr/lib/jvm/java-7-openjdk-i386/jre/lib/i386/client:/usr/lib/jvm/java-7-openjdk-i386/jre/lib/i386:
SHELL=/bin/bash
DISPLAY=:0.0

Signal Handlers:
SIGSEGV: [libjvm.so+0x7e43b0], sa_mask[0]=0x7ffbfeff, sa_flags=0x10000004
SIGBUS: [libjvm.so+0x7e43b0], sa_mask[0]=0x7ffbfeff, sa_flags=0x10000004
SIGFPE: [libjvm.so+0x661c60], sa_mask[0]=0x7ffbfeff, sa_flags=0x10000004
SIGPIPE: [libjvm.so+0x661c60], sa_mask[0]=0x7ffbfeff, sa_flags=0x10000004
SIGXFSZ: [libjvm.so+0x661c60], sa_mask[0]=0x7ffbfeff, sa_flags=0x10000004
SIGILL: [libjvm.so+0x661c60], sa_mask[0]=0x7ffbfeff, sa_flags=0x10000004
SIGUSR1: SIG_DFL, sa_mask[0]=0x00000000, sa_flags=0x00000000
SIGUSR2: [libjvm.so+0x661da0], sa_mask[0]=0x00000004, sa_flags=0x10000004
SIGHUP: SIG_DFL, sa_mask[0]=0x00000000, sa_flags=0x00000000
SIGINT: SIG_DFL, sa_mask[0]=0x00000000, sa_flags=0x00000000
SIGTERM: SIG_DFL, sa_mask[0]=0x00000000, sa_flags=0x00000000
SIGQUIT: SIG_DFL, sa_mask[0]=0x00000000, sa_flags=0x00000000


---------------  S Y S T E M  ---------------

OS:Ubuntu 12.10 (quantal)
uname:Linux 3.5.0-34-generic #55-Ubuntu SMP Thu Jun 6 20:20:19 UTC 2013 i686
libc:glibc 2.15 NPTL 2.15 
rlimit: STACK 8192k, CORE 0k, NPROC 31444, NOFILE 4096, AS infinity
load average:0.43 0.38 0.46

/proc/meminfo:
MemTotal:        4040416 kB
MemFree:          913968 kB
Buffers:          228468 kB
Cached:          1455948 kB
SwapCached:            0 kB
Active:          1712872 kB
Inactive:        1214936 kB
Active(anon):    1281844 kB
Inactive(anon):   290428 kB
Active(file):     431028 kB
Inactive(file):   924508 kB
Unevictable:       31424 kB
Mlocked:           31428 kB
HighTotal:       3190404 kB
HighFree:         433016 kB
LowTotal:         850012 kB
LowFree:          480952 kB
SwapTotal:       4101116 kB
SwapFree:        4101116 kB
Dirty:              1452 kB
Writeback:             0 kB
AnonPages:       1275164 kB
Mapped:           248332 kB
Shmem:            323088 kB
Slab:             110576 kB
SReclaimable:      89052 kB
SUnreclaim:        21524 kB
KernelStack:        4840 kB
PageTables:        17024 kB
NFS_Unstable:          0 kB
Bounce:                0 kB
WritebackTmp:          0 kB
CommitLimit:     6121324 kB
Committed_AS:    5518204 kB
VmallocTotal:     122880 kB
VmallocUsed:       25596 kB
VmallocChunk:      94892 kB
HardwareCorrupted:     0 kB
AnonHugePages:         0 kB
HugePages_Total:       0
HugePages_Free:        0
HugePages_Rsvd:        0
HugePages_Surp:        0
Hugepagesize:       2048 kB
DirectMap4k:       10232 kB
DirectMap2M:      903168 kB


CPU:total 4 (2 cores per cpu, 2 threads per core) family 6 model 42 stepping 7, cmov, cx8, fxsr, mmx, sse, sse2, sse3, ssse3, sse4.1, sse4.2, popcnt, avx, ht, tsc, tscinvbit

/proc/cpuinfo:
processor	: 0
vendor_id	: GenuineIntel
cpu family	: 6
model		: 42
model name	: Intel(R) Core(TM) i3-2330M CPU @ 2.20GHz
stepping	: 7
microcode	: 0x18
cpu MHz		: 1800.000
cache size	: 3072 KB
physical id	: 0
siblings	: 4
core id		: 0
cpu cores	: 2
apicid		: 0
initial apicid	: 0
fdiv_bug	: no
hlt_bug		: no
f00f_bug	: no
coma_bug	: no
fpu		: yes
fpu_exception	: yes
cpuid level	: 13
wp		: yes
flags		: fpu vme de pse tsc msr pae mce cx8 apic sep mtrr pge mca cmov pat pse36 clflush dts acpi mmx fxsr sse sse2 ss ht tm pbe nx rdtscp lm constant_tsc arch_perfmon pebs bts xtopology nonstop_tsc aperfmperf pni pclmulqdq dtes64 monitor ds_cpl vmx est tm2 ssse3 cx16 xtpr pdcm pcid sse4_1 sse4_2 x2apic popcnt tsc_deadline_timer xsave avx lahf_lm arat epb xsaveopt pln pts dtherm tpr_shadow vnmi flexpriority ept vpid
bogomips	: 4390.21
clflush size	: 64
cache_alignment	: 64
address sizes	: 36 bits physical, 48 bits virtual
power management:

processor	: 1
vendor_id	: GenuineIntel
cpu family	: 6
model		: 42
model name	: Intel(R) Core(TM) i3-2330M CPU @ 2.20GHz
stepping	: 7
microcode	: 0x18
cpu MHz		: 2000.000
cache size	: 3072 KB
physical id	: 0
siblings	: 4
core id		: 0
cpu cores	: 2
apicid		: 1
initial apicid	: 1
fdiv_bug	: no
hlt_bug		: no
f00f_bug	: no
coma_bug	: no
fpu		: yes
fpu_exception	: yes
cpuid level	: 13
wp		: yes
flags		: fpu vme de pse tsc msr pae mce cx8 apic sep mtrr pge mca cmov pat pse36 clflush dts acpi mmx fxsr sse sse2 ss ht tm pbe nx rdtscp lm constant_tsc arch_perfmon pebs bts xtopology nonstop_tsc aperfmperf pni pclmulqdq dtes64 monitor ds_cpl vmx est tm2 ssse3 cx16 xtpr pdcm pcid sse4_1 sse4_2 x2apic popcnt tsc_deadline_timer xsave avx lahf_lm arat epb xsaveopt pln pts dtherm tpr_shadow vnmi flexpriority ept vpid
bogomips	: 4390.21
clflush size	: 64
cache_alignment	: 64
address sizes	: 36 bits physical, 48 bits virtual
power management:

processor	: 2
vendor_id	: GenuineIntel
cpu family	: 6
model		: 42
model name	: Intel(R) Core(TM) i3-2330M CPU @ 2.20GHz
stepping	: 7
microcode	: 0x18
cpu MHz		: 2200.000
cache size	: 3072 KB
physical id	: 0
siblings	: 4
core id		: 1
cpu cores	: 2
apicid		: 2
initial apicid	: 2
fdiv_bug	: no
hlt_bug		: no
f00f_bug	: no
coma_bug	: no
fpu		: yes
fpu_exception	: yes
cpuid level	: 13
wp		: yes
flags		: fpu vme de pse tsc msr pae mce cx8 apic sep mtrr pge mca cmov pat pse36 clflush dts acpi mmx fxsr sse sse2 ss ht tm pbe nx rdtscp lm constant_tsc arch_perfmon pebs bts xtopology nonstop_tsc aperfmperf pni pclmulqdq dtes64 monitor ds_cpl vmx est tm2 ssse3 cx16 xtpr pdcm pcid sse4_1 sse4_2 x2apic popcnt tsc_deadline_timer xsave avx lahf_lm arat epb xsaveopt pln pts dtherm tpr_shadow vnmi flexpriority ept vpid
bogomips	: 4390.21
clflush size	: 64
cache_alignment	: 64
address sizes	: 36 bits physical, 48 bits virtual
power management:

processor	: 3
vendor_id	: GenuineIntel
cpu family	: 6
model		: 42
model name	: Intel(R) Core(TM) i3-2330M CPU @ 2.20GHz
stepping	: 7
microcode	: 0x18
cpu MHz		: 2200.000
cache size	: 3072 KB
physical id	: 0
siblings	: 4
core id		: 1
cpu cores	: 2
apicid		: 3
initial apicid	: 3
fdiv_bug	: no
hlt_bug		: no
f00f_bug	: no
coma_bug	: no
fpu		: yes
fpu_exception	: yes
cpuid level	: 13
wp		: yes
flags		: fpu vme de pse tsc msr pae mce cx8 apic sep mtrr pge mca cmov pat pse36 clflush dts acpi mmx fxsr sse sse2 ss ht tm pbe nx rdtscp lm constant_tsc arch_perfmon pebs bts xtopology nonstop_tsc aperfmperf pni pclmulqdq dtes64 monitor ds_cpl vmx est tm2 ssse3 cx16 xtpr pdcm pcid sse4_1 sse4_2 x2apic popcnt tsc_deadline_timer xsave avx lahf_lm arat epb xsaveopt pln pts dtherm tpr_shadow vnmi flexpriority ept vpid
bogomips	: 4390.21
clflush size	: 64
cache_alignment	: 64
address sizes	: 36 bits physical, 48 bits virtual
power management:



Memory: 4k page, physical 4040416k(913968k free), swap 4101116k(4101116k free)

vm_info: OpenJDK Server VM (24.51-b03) for linux-x86 JRE (1.7.0_55-b14), built on Apr 18 2014 20:46:10 by "buildd" with gcc 4.7.2

time: Mon Jun 16 19:42:38 2014
elapsed time: 0 seconds

